INFO 2025-09-04 19:06:15,362 autoreload Watching for file changes with StatReloader
INFO 2025-09-04 19:29:09,382 autoreload /home/tuhin/ProjectCanvas/backend/backend/settings.py changed, reloading.
INFO 2025-09-04 19:29:09,694 autoreload Watching for file changes with StatReloader
INFO 2025-09-04 19:32:15,717 basehttp "OPTIONS /api/signup/ HTTP/1.1" 200 0
INFO 2025-09-04 19:32:20,599 basehttp "POST /api/signup/ HTTP/1.1" 200 165
INFO 2025-09-04 19:33:17,585 basehttp "OPTIONS /api/login/ HTTP/1.1" 200 0
WARNING 2025-09-04 19:33:17,643 log Forbidden (Origin checking failed - http://localhost:5173 does not match any trusted origins.): /api/login/
WARNING 2025-09-04 19:33:17,644 basehttp "POST /api/login/ HTTP/1.1" 403 2554
WARNING 2025-09-04 19:34:33,291 log Forbidden (Origin checking failed - http://localhost:5173 does not match any trusted origins.): /api/login/
WARNING 2025-09-04 19:34:33,292 basehttp "POST /api/login/ HTTP/1.1" 403 2554
INFO 2025-09-04 19:34:50,335 basehttp "GET /admin/ HTTP/1.1" 200 6651
INFO 2025-09-04 19:34:50,384 basehttp "GET /static/admin/js/theme.js HTTP/1.1" 304 0
INFO 2025-09-04 19:34:50,385 basehttp "GET /static/admin/css/dashboard.css HTTP/1.1" 304 0
INFO 2025-09-04 19:34:50,385 basehttp "GET /static/admin/js/nav_sidebar.js HTTP/1.1" 304 0
INFO 2025-09-04 19:34:50,385 basehttp "GET /static/admin/css/dark_mode.css HTTP/1.1" 200 2808
INFO 2025-09-04 19:34:50,385 basehttp "GET /static/admin/css/base.css HTTP/1.1" 200 22120
INFO 2025-09-04 19:34:50,385 basehttp "GET /static/admin/css/nav_sidebar.css HTTP/1.1" 200 2810
INFO 2025-09-04 19:34:50,386 basehttp "GET /static/admin/css/responsive.css HTTP/1.1" 304 0
INFO 2025-09-04 19:34:50,482 basehttp "GET /static/admin/img/icon-addlink.svg HTTP/1.1" 200 331
INFO 2025-09-04 19:34:50,482 basehttp "GET /static/admin/img/icon-changelink.svg HTTP/1.1" 200 380
INFO 2025-09-04 19:34:52,636 basehttp "GET /admin/projectcanvas/user/ HTTP/1.1" 200 9554
INFO 2025-09-04 19:34:52,686 basehttp "GET /static/admin/js/core.js HTTP/1.1" 304 0
INFO 2025-09-04 19:34:52,689 basehttp "GET /static/admin/js/admin/RelatedObjectLookups.js HTTP/1.1" 304 0
INFO 2025-09-04 19:34:52,689 basehttp "GET /static/admin/js/jquery.init.js HTTP/1.1" 304 0
INFO 2025-09-04 19:34:52,689 basehttp "GET /static/admin/css/changelists.css HTTP/1.1" 304 0
INFO 2025-09-04 19:34:52,689 basehttp "GET /static/admin/js/vendor/jquery/jquery.js HTTP/1.1" 304 0
INFO 2025-09-04 19:34:52,690 basehttp "GET /static/admin/js/actions.js HTTP/1.1" 304 0
INFO 2025-09-04 19:34:52,691 basehttp "GET /static/admin/js/prepopulate.js HTTP/1.1" 304 0
INFO 2025-09-04 19:34:52,694 basehttp "GET /static/admin/js/filters.js HTTP/1.1" 304 0
INFO 2025-09-04 19:34:52,694 basehttp "GET /static/admin/js/urlify.js HTTP/1.1" 304 0
INFO 2025-09-04 19:34:52,695 basehttp "GET /static/admin/js/vendor/xregexp/xregexp.js HTTP/1.1" 304 0
INFO 2025-09-04 19:34:52,696 basehttp "GET /admin/jsi18n/ HTTP/1.1" 200 3342
INFO 2025-09-04 19:34:52,785 basehttp "GET /static/admin/img/tooltag-add.svg HTTP/1.1" 200 331
INFO 2025-09-04 19:34:52,785 basehttp "GET /static/admin/img/tooltag-add.svg HTTP/1.1" 200 331
INFO 2025-09-04 19:34:55,984 basehttp "GET /admin/projectcanvas/user/2/change/ HTTP/1.1" 200 23790
INFO 2025-09-04 19:34:56,029 basehttp "GET /static/admin/css/forms.css HTTP/1.1" 200 8525
INFO 2025-09-04 19:34:56,030 basehttp "GET /static/admin/js/admin/DateTimeShortcuts.js HTTP/1.1" 200 19319
INFO 2025-09-04 19:34:56,031 basehttp "GET /static/admin/js/calendar.js HTTP/1.1" 200 9141
INFO 2025-09-04 19:34:56,033 basehttp "GET /static/admin/js/prepopulate_init.js HTTP/1.1" 200 586
INFO 2025-09-04 19:34:56,034 basehttp "GET /static/admin/js/change_form.js HTTP/1.1" 200 606
INFO 2025-09-04 19:34:56,034 basehttp "GET /admin/jsi18n/ HTTP/1.1" 200 3342
INFO 2025-09-04 19:34:56,064 basehttp "GET /static/admin/css/widgets.css HTTP/1.1" 200 11991
INFO 2025-09-04 19:34:56,118 basehttp "GET /static/admin/css/forms.css HTTP/1.1" 200 8525
WARNING 2025-09-04 19:34:56,164 log Not Found: /favicon.ico
INFO 2025-09-04 19:34:56,165 basehttp "GET /static/admin/css/widgets.css HTTP/1.1" 200 11991
INFO 2025-09-04 19:34:56,169 basehttp "GET /static/admin/img/icon-deletelink.svg HTTP/1.1" 200 392
INFO 2025-09-04 19:34:56,206 basehttp "GET /static/admin/img/icon-calendar.svg HTTP/1.1" 200 1086
INFO 2025-09-04 19:34:56,206 basehttp "GET /static/admin/img/icon-clock.svg HTTP/1.1" 200 677
INFO 2025-09-04 19:34:56,231 basehttp "GET /static/admin/img/icon-clock.svg HTTP/1.1" 200 677
INFO 2025-09-04 19:34:56,232 basehttp "GET /static/admin/img/icon-calendar.svg HTTP/1.1" 200 1086
INFO 2025-09-04 19:34:56,232 basehttp "GET /static/admin/img/calendar-icons.svg HTTP/1.1" 200 2455
INFO 2025-09-04 19:45:05,023 autoreload /home/tuhin/ProjectCanvas/backend/projectcanvas/models.py changed, reloading.
INFO 2025-09-04 19:45:05,485 autoreload Watching for file changes with StatReloader
INFO 2025-09-04 19:46:41,092 autoreload /home/tuhin/ProjectCanvas/backend/projectcanvas/views.py changed, reloading.
INFO 2025-09-04 19:46:41,492 autoreload Watching for file changes with StatReloader
INFO 2025-09-04 19:47:46,761 autoreload /home/tuhin/ProjectCanvas/backend/projectcanvas/urls.py changed, reloading.
INFO 2025-09-04 19:47:47,039 autoreload Watching for file changes with StatReloader
INFO 2025-09-04 20:18:57,280 basehttp "GET /admin/projectcanvas/user/2/change/ HTTP/1.1" 200 23790
INFO 2025-09-04 20:18:57,361 basehttp "GET /admin/jsi18n/ HTTP/1.1" 200 3342
WARNING 2025-09-04 20:18:57,510 log Not Found: /favicon.ico
INFO 2025-09-04 20:22:35,585 autoreload /home/tuhin/ProjectCanvas/backend/projectcanvas/views.py changed, reloading.
INFO 2025-09-04 20:22:36,012 autoreload Watching for file changes with StatReloader
INFO 2025-09-04 20:23:11,551 basehttp "GET /admin/projectcanvas/user/2/change/ HTTP/1.1" 200 23790
INFO 2025-09-04 20:23:11,588 basehttp "GET /admin/jsi18n/ HTTP/1.1" 200 3342
WARNING 2025-09-04 20:23:11,694 log Not Found: /favicon.ico
INFO 2025-09-04 20:26:06,136 autoreload /home/tuhin/ProjectCanvas/backend/backend/settings.py changed, reloading.
INFO 2025-09-04 20:26:06,561 autoreload Watching for file changes with StatReloader
INFO 2025-09-04 20:28:21,140 basehttp "GET /admin/login/?next=/admin/ HTTP/1.1" 200 4170
INFO 2025-09-04 20:29:10,145 basehttp "GET /admin/projectcanvas/user/2/delete/ HTTP/1.1" 200 7953
INFO 2025-09-04 20:29:10,195 basehttp "GET /static/admin/css/dark_mode.css HTTP/1.1" 200 2808
INFO 2025-09-04 20:29:10,195 basehttp "GET /static/admin/js/cancel.js HTTP/1.1" 200 884
INFO 2025-09-04 20:29:10,197 basehttp "GET /static/admin/css/nav_sidebar.css HTTP/1.1" 200 2810
INFO 2025-09-04 20:29:10,197 basehttp "GET /static/admin/js/jquery.init.js HTTP/1.1" 200 347
INFO 2025-09-04 20:29:10,199 basehttp "GET /static/admin/js/core.js HTTP/1.1" 304 0
INFO 2025-09-04 20:29:10,199 basehttp "GET /static/admin/css/base.css HTTP/1.1" 200 22120
INFO 2025-09-04 20:29:10,199 basehttp "GET /static/admin/js/theme.js HTTP/1.1" 304 0
INFO 2025-09-04 20:29:10,200 basehttp "GET /static/admin/css/responsive.css HTTP/1.1" 200 16565
INFO 2025-09-04 20:29:10,200 basehttp "GET /static/admin/js/vendor/jquery/jquery.js HTTP/1.1" 304 0
INFO 2025-09-04 20:29:10,201 basehttp "GET /static/admin/js/admin/RelatedObjectLookups.js HTTP/1.1" 304 0
INFO 2025-09-04 20:29:10,202 basehttp "GET /static/admin/js/actions.js HTTP/1.1" 304 0
INFO 2025-09-04 20:29:10,238 basehttp "GET /static/admin/js/urlify.js HTTP/1.1" 304 0
INFO 2025-09-04 20:29:10,242 basehttp "GET /static/admin/js/nav_sidebar.js HTTP/1.1" 304 0
INFO 2025-09-04 20:29:10,243 basehttp "GET /static/admin/js/vendor/xregexp/xregexp.js HTTP/1.1" 304 0
INFO 2025-09-04 20:29:10,243 basehttp "GET /static/admin/js/prepopulate.js HTTP/1.1" 304 0
INFO 2025-09-04 20:29:10,319 basehttp "GET /static/admin/img/icon-addlink.svg HTTP/1.1" 200 331
WARNING 2025-09-04 20:29:10,335 log Not Found: /favicon.ico
INFO 2025-09-04 20:29:12,273 basehttp "POST /admin/projectcanvas/user/2/delete/ HTTP/1.1" 302 0
INFO 2025-09-04 20:29:12,297 basehttp "GET /admin/projectcanvas/user/ HTTP/1.1" 200 9417
INFO 2025-09-04 20:29:12,383 basehttp "GET /static/admin/js/filters.js HTTP/1.1" 304 0
INFO 2025-09-04 20:29:12,383 basehttp "GET /static/admin/css/changelists.css HTTP/1.1" 304 0
INFO 2025-09-04 20:29:12,387 basehttp "GET /admin/jsi18n/ HTTP/1.1" 200 3342
INFO 2025-09-04 20:29:12,461 basehttp "GET /static/admin/img/icon-yes.svg HTTP/1.1" 200 436
INFO 2025-09-04 20:29:12,470 basehttp "GET /static/admin/img/tooltag-add.svg HTTP/1.1" 200 331
ERROR 2025-09-04 20:30:33,303 views Signup error: (1146, "Table 'projectcanvas.pending_users' doesn't exist")
WARNING 2025-09-04 20:30:33,304 log Bad Request: /api/signup/
WARNING 2025-09-04 20:30:33,304 basehttp "POST /api/signup/ HTTP/1.1" 400 74
ERROR 2025-09-04 20:30:52,178 views Signup error: (1146, "Table 'projectcanvas.pending_users' doesn't exist")
WARNING 2025-09-04 20:30:52,179 log Bad Request: /api/signup/
WARNING 2025-09-04 20:30:52,181 basehttp "POST /api/signup/ HTTP/1.1" 400 74
INFO 2025-09-04 20:35:36,659 autoreload Watching for file changes with StatReloader
INFO 2025-09-04 20:35:40,093 basehttp "OPTIONS /api/signup/ HTTP/1.1" 200 0
INFO 2025-09-04 20:35:45,593 basehttp "POST /api/signup/ HTTP/1.1" 200 140
INFO 2025-09-04 20:36:16,970 basehttp "GET /api/verify-email/9c20366a-a83c-4570-a1d0-7bd8f07b2749/ HTTP/1.1" 200 81
WARNING 2025-09-04 20:36:16,976 log Bad Request: /api/verify-email/9c20366a-a83c-4570-a1d0-7bd8f07b2749/
WARNING 2025-09-04 20:36:16,976 basehttp "GET /api/verify-email/9c20366a-a83c-4570-a1d0-7bd8f07b2749/ HTTP/1.1" 400 59
INFO 2025-09-04 20:36:59,141 basehttp "OPTIONS /api/login/ HTTP/1.1" 200 0
WARNING 2025-09-04 20:36:59,146 log Forbidden (Origin checking failed - http://localhost:5173 does not match any trusted origins.): /api/login/
WARNING 2025-09-04 20:36:59,146 basehttp "POST /api/login/ HTTP/1.1" 403 2554
INFO 2025-09-04 20:41:59,783 autoreload Watching for file changes with StatReloader
WARNING 2025-09-04 20:42:35,463 log Forbidden (Origin checking failed - http://localhost:5173 does not match any trusted origins.): /api/login/
WARNING 2025-09-04 20:42:35,463 basehttp "POST /api/login/ HTTP/1.1" 403 2554
WARNING 2025-09-04 20:44:23,430 log Forbidden (Origin checking failed - http://localhost:5173 does not match any trusted origins.): /api/login/
WARNING 2025-09-04 20:44:23,430 basehttp "POST /api/login/ HTTP/1.1" 403 2554
INFO 2025-09-04 20:44:37,705 basehttp "GET /admin/projectcanvas/user/ HTTP/1.1" 200 9554
INFO 2025-09-04 20:44:37,765 basehttp "GET /admin/jsi18n/ HTTP/1.1" 200 3342
WARNING 2025-09-04 20:44:37,848 log Not Found: /favicon.ico
INFO 2025-09-04 20:44:39,262 basehttp "GET /admin/projectcanvas/user/3/change/ HTTP/1.1" 200 24056
INFO 2025-09-04 20:44:39,326 basehttp "GET /static/admin/js/calendar.js HTTP/1.1" 304 0
INFO 2025-09-04 20:44:39,327 basehttp "GET /admin/jsi18n/ HTTP/1.1" 200 3342
INFO 2025-09-04 20:44:39,327 basehttp "GET /static/admin/css/forms.css HTTP/1.1" 200 8525
INFO 2025-09-04 20:44:39,329 basehttp "GET /static/admin/js/change_form.js HTTP/1.1" 304 0
INFO 2025-09-04 20:44:39,329 basehttp "GET /static/admin/js/admin/DateTimeShortcuts.js HTTP/1.1" 304 0
INFO 2025-09-04 20:44:39,329 basehttp "GET /static/admin/js/prepopulate_init.js HTTP/1.1" 304 0
INFO 2025-09-04 20:44:39,348 basehttp "GET /static/admin/css/widgets.css HTTP/1.1" 304 0
INFO 2025-09-04 20:44:39,496 basehttp "GET /static/admin/img/icon-calendar.svg HTTP/1.1" 200 1086
INFO 2025-09-04 20:44:39,497 basehttp "GET /static/admin/img/icon-clock.svg HTTP/1.1" 200 677
INFO 2025-09-04 20:44:42,010 basehttp "GET /admin/projectcanvas/user/3/delete/ HTTP/1.1" 200 7953
INFO 2025-09-04 20:44:44,743 basehttp "POST /admin/projectcanvas/user/3/delete/ HTTP/1.1" 302 0
INFO 2025-09-04 20:44:44,764 basehttp "GET /admin/projectcanvas/user/ HTTP/1.1" 200 9417
INFO 2025-09-04 20:44:44,845 basehttp "GET /admin/jsi18n/ HTTP/1.1" 200 3342
INFO 2025-09-04 20:45:47,600 basehttp "POST /api/signup/ HTTP/1.1" 200 140
INFO 2025-09-04 20:46:09,613 basehttp "GET /api/verify-email/d930c024-790b-4711-b847-4b8dce528dc0/ HTTP/1.1" 200 81
WARNING 2025-09-04 20:46:09,619 log Bad Request: /api/verify-email/d930c024-790b-4711-b847-4b8dce528dc0/
WARNING 2025-09-04 20:46:09,620 basehttp "GET /api/verify-email/d930c024-790b-4711-b847-4b8dce528dc0/ HTTP/1.1" 400 59
WARNING 2025-09-04 20:46:24,861 log Forbidden (Origin checking failed - http://localhost:5173 does not match any trusted origins.): /api/login/
WARNING 2025-09-04 20:46:24,861 basehttp "POST /api/login/ HTTP/1.1" 403 2554
INFO 2025-09-04 20:49:18,139 autoreload /home/tuhin/ProjectCanvas/backend/backend/settings.py changed, reloading.
INFO 2025-09-04 20:49:18,462 autoreload Watching for file changes with StatReloader
INFO 2025-09-04 20:49:49,761 autoreload Watching for file changes with StatReloader
WARNING 2025-09-04 20:50:27,120 log Bad Request: /api/signup/
WARNING 2025-09-04 20:50:27,121 basehttp "POST /api/signup/ HTTP/1.1" 400 33
INFO 2025-09-04 20:50:45,464 basehttp "GET /admin/projectcanvas/user/ HTTP/1.1" 200 9554
INFO 2025-09-04 20:50:45,513 basehttp "GET /admin/jsi18n/ HTTP/1.1" 200 3342
WARNING 2025-09-04 20:50:45,611 log Not Found: /favicon.ico
INFO 2025-09-04 20:50:47,239 basehttp "GET /admin/projectcanvas/user/4/change/ HTTP/1.1" 200 24056
INFO 2025-09-04 20:50:47,293 basehttp "GET /admin/jsi18n/ HTTP/1.1" 200 3342
INFO 2025-09-04 20:50:48,912 basehttp "GET /admin/projectcanvas/user/4/delete/ HTTP/1.1" 200 7953
INFO 2025-09-04 20:50:50,762 basehttp "POST /admin/projectcanvas/user/4/delete/ HTTP/1.1" 302 0
INFO 2025-09-04 20:50:50,779 basehttp "GET /admin/projectcanvas/user/ HTTP/1.1" 200 9417
INFO 2025-09-04 20:50:50,868 basehttp "GET /admin/jsi18n/ HTTP/1.1" 200 3342
INFO 2025-09-04 20:50:59,212 basehttp "POST /api/signup/ HTTP/1.1" 200 140
INFO 2025-09-04 20:51:22,369 basehttp "GET /api/verify-email/0a493674-44c8-4aa2-922d-8c42d87f1d9c/ HTTP/1.1" 200 81
WARNING 2025-09-04 20:51:22,373 log Bad Request: /api/verify-email/0a493674-44c8-4aa2-922d-8c42d87f1d9c/
WARNING 2025-09-04 20:51:22,374 basehttp "GET /api/verify-email/0a493674-44c8-4aa2-922d-8c42d87f1d9c/ HTTP/1.1" 400 59
WARNING 2025-09-04 20:51:30,215 log Forbidden (CSRF cookie not set.): /api/login/
WARNING 2025-09-04 20:51:30,215 basehttp "POST /api/login/ HTTP/1.1" 403 2855
INFO 2025-09-04 20:56:39,988 autoreload /home/tuhin/ProjectCanvas/backend/projectcanvas/urls.py changed, reloading.
INFO 2025-09-04 20:56:40,299 autoreload Watching for file changes with StatReloader
INFO 2025-09-04 20:58:27,922 autoreload /home/tuhin/ProjectCanvas/backend/backend/settings.py changed, reloading.
INFO 2025-09-04 20:58:28,223 autoreload Watching for file changes with StatReloader
INFO 2025-09-04 21:01:08,732 basehttp "GET /admin/projectcanvas/user/ HTTP/1.1" 200 9554
INFO 2025-09-04 21:01:08,783 basehttp "GET /admin/jsi18n/ HTTP/1.1" 200 3342
WARNING 2025-09-04 21:01:08,871 log Not Found: /favicon.ico
INFO 2025-09-04 21:01:10,219 basehttp "GET /admin/projectcanvas/user/5/change/ HTTP/1.1" 200 24056
INFO 2025-09-04 21:01:10,272 basehttp "GET /admin/jsi18n/ HTTP/1.1" 200 3342
INFO 2025-09-04 21:01:13,999 basehttp "GET /admin/projectcanvas/user/5/delete/ HTTP/1.1" 200 7953
INFO 2025-09-04 21:01:15,663 basehttp "POST /admin/projectcanvas/user/5/delete/ HTTP/1.1" 302 0
INFO 2025-09-04 21:01:15,679 basehttp "GET /admin/projectcanvas/user/ HTTP/1.1" 200 9417
INFO 2025-09-04 21:01:15,763 basehttp "GET /admin/jsi18n/ HTTP/1.1" 200 3342
WARNING 2025-09-04 21:01:15,866 log Not Found: /favicon.ico
INFO 2025-09-04 21:01:58,570 basehttp "POST /api/signup/ HTTP/1.1" 200 140
INFO 2025-09-04 21:02:22,450 basehttp "GET /api/verify-email/1f11f949-d05a-4d77-a794-244db0fa2fa3/ HTTP/1.1" 200 81
WARNING 2025-09-04 21:02:22,455 log Bad Request: /api/verify-email/1f11f949-d05a-4d77-a794-244db0fa2fa3/
WARNING 2025-09-04 21:02:22,455 basehttp "GET /api/verify-email/1f11f949-d05a-4d77-a794-244db0fa2fa3/ HTTP/1.1" 400 59
INFO 2025-09-04 21:03:09,700 autoreload /home/tuhin/ProjectCanvas/backend/backend/settings.py changed, reloading.
INFO 2025-09-04 21:03:10,020 autoreload Watching for file changes with StatReloader
INFO 2025-09-04 21:03:16,596 basehttp "GET /admin/projectcanvas/user/ HTTP/1.1" 200 9554
INFO 2025-09-04 21:03:16,642 basehttp "GET /admin/jsi18n/ HTTP/1.1" 200 3342
WARNING 2025-09-04 21:03:16,731 log Not Found: /favicon.ico
INFO 2025-09-04 21:03:18,480 basehttp "GET /admin/projectcanvas/user/6/change/ HTTP/1.1" 200 24056
INFO 2025-09-04 21:03:18,537 basehttp "GET /admin/jsi18n/ HTTP/1.1" 200 3342
WARNING 2025-09-04 21:03:18,631 log Not Found: /favicon.ico
INFO 2025-09-04 21:03:22,412 basehttp "GET /admin/projectcanvas/user/6/delete/ HTTP/1.1" 200 7953
INFO 2025-09-04 21:03:23,965 basehttp "POST /admin/projectcanvas/user/6/delete/ HTTP/1.1" 302 0
INFO 2025-09-04 21:03:23,983 basehttp "GET /admin/projectcanvas/user/ HTTP/1.1" 200 9417
INFO 2025-09-04 21:03:24,070 basehttp "GET /admin/jsi18n/ HTTP/1.1" 200 3342
WARNING 2025-09-04 21:03:24,154 log Not Found: /favicon.ico
INFO 2025-09-04 21:04:35,547 basehttp "POST /api/signup/ HTTP/1.1" 200 140
INFO 2025-09-04 21:05:02,402 basehttp "GET /api/verify-email/09fb9fd9-2162-46fe-b6f7-2a1838bdd9c5/ HTTP/1.1" 200 81
WARNING 2025-09-04 21:05:02,411 log Bad Request: /api/verify-email/09fb9fd9-2162-46fe-b6f7-2a1838bdd9c5/
WARNING 2025-09-04 21:05:02,411 basehttp "GET /api/verify-email/09fb9fd9-2162-46fe-b6f7-2a1838bdd9c5/ HTTP/1.1" 400 59
INFO 2025-09-04 21:05:12,627 basehttp "POST /api/login/ HTTP/1.1" 200 152
INFO 2025-09-04 21:13:48,294 autoreload Watching for file changes with StatReloader
INFO 2025-09-04 21:13:58,644 basehttp "GET /admin/projectcanvas/user/ HTTP/1.1" 200 9554
INFO 2025-09-04 21:13:58,691 basehttp "GET /admin/jsi18n/ HTTP/1.1" 200 3342
WARNING 2025-09-04 21:13:58,779 log Not Found: /favicon.ico
INFO 2025-09-04 21:14:00,211 basehttp "GET /admin/projectcanvas/user/7/change/ HTTP/1.1" 200 24092
INFO 2025-09-04 21:14:00,267 basehttp "GET /admin/jsi18n/ HTTP/1.1" 200 3342
WARNING 2025-09-04 21:14:00,374 log Not Found: /favicon.ico
INFO 2025-09-04 21:14:20,650 basehttp "GET /admin/projectcanvas/user/7/delete/ HTTP/1.1" 200 7953
INFO 2025-09-04 21:14:22,080 basehttp "POST /admin/projectcanvas/user/7/delete/ HTTP/1.1" 302 0
INFO 2025-09-04 21:14:22,097 basehttp "GET /admin/projectcanvas/user/ HTTP/1.1" 200 9417
INFO 2025-09-04 21:14:22,189 basehttp "GET /admin/jsi18n/ HTTP/1.1" 200 3342
INFO 2025-09-04 21:14:26,108 basehttp "GET /admin/projectcanvas/user/ HTTP/1.1" 200 9241
INFO 2025-09-04 21:14:26,154 basehttp "GET /admin/jsi18n/ HTTP/1.1" 200 3342
INFO 2025-09-04 21:15:41,984 basehttp "POST /api/signup/ HTTP/1.1" 200 140
INFO 2025-09-04 21:16:07,900 basehttp "GET /api/verify-email/e2256baf-7351-41cb-aa12-f8f8717de831/ HTTP/1.1" 200 81
WARNING 2025-09-04 21:16:07,906 log Bad Request: /api/verify-email/e2256baf-7351-41cb-aa12-f8f8717de831/
WARNING 2025-09-04 21:16:07,906 basehttp "GET /api/verify-email/e2256baf-7351-41cb-aa12-f8f8717de831/ HTTP/1.1" 400 59
INFO 2025-09-04 21:16:16,622 basehttp "OPTIONS /api/login/ HTTP/1.1" 200 0
INFO 2025-09-04 21:16:16,998 basehttp "POST /api/login/ HTTP/1.1" 200 152
INFO 2025-09-04 21:25:07,218 autoreload Watching for file changes with StatReloader
INFO 2025-09-04 21:25:30,591 basehttp "GET /admin/projectcanvas/user/ HTTP/1.1" 200 9554
INFO 2025-09-04 21:25:30,637 basehttp "GET /admin/jsi18n/ HTTP/1.1" 200 3342
WARNING 2025-09-04 21:25:30,720 log Not Found: /favicon.ico
INFO 2025-09-04 21:25:32,762 basehttp "GET /admin/projectcanvas/user/8/change/ HTTP/1.1" 200 24092
INFO 2025-09-04 21:25:32,819 basehttp "GET /admin/jsi18n/ HTTP/1.1" 200 3342
WARNING 2025-09-04 21:25:32,936 log Not Found: /favicon.ico
INFO 2025-09-04 21:25:35,519 basehttp "GET /admin/projectcanvas/user/8/delete/ HTTP/1.1" 200 7953
INFO 2025-09-04 21:25:37,400 basehttp "POST /admin/projectcanvas/user/8/delete/ HTTP/1.1" 302 0
INFO 2025-09-04 21:25:37,424 basehttp "GET /admin/projectcanvas/user/ HTTP/1.1" 200 9417
INFO 2025-09-04 21:25:37,515 basehttp "GET /admin/jsi18n/ HTTP/1.1" 200 3342
WARNING 2025-09-04 21:25:37,605 log Not Found: /favicon.ico
INFO 2025-09-04 21:26:25,281 basehttp "POST /api/signup/ HTTP/1.1" 200 140
INFO 2025-09-04 21:26:46,387 basehttp "GET /api/verify-email/cc102587-4ca6-43a6-8c16-a89e07b70e88/ HTTP/1.1" 200 81
WARNING 2025-09-04 21:26:46,392 log Bad Request: /api/verify-email/cc102587-4ca6-43a6-8c16-a89e07b70e88/
WARNING 2025-09-04 21:26:46,393 basehttp "GET /api/verify-email/cc102587-4ca6-43a6-8c16-a89e07b70e88/ HTTP/1.1" 400 59
INFO 2025-09-04 21:33:31,675 autoreload /home/tuhin/ProjectCanvas/backend/projectcanvas/views.py changed, reloading.
INFO 2025-09-04 21:33:32,034 autoreload Watching for file changes with StatReloader
INFO 2025-09-04 21:34:42,887 basehttp "GET /admin/projectcanvas/user/ HTTP/1.1" 200 9554
INFO 2025-09-04 21:34:42,933 basehttp "GET /static/admin/css/base.css HTTP/1.1" 304 0
INFO 2025-09-04 21:34:42,935 basehttp "GET /static/admin/css/dark_mode.css HTTP/1.1" 304 0
INFO 2025-09-04 21:34:42,936 basehttp "GET /static/admin/js/vendor/jquery/jquery.js HTTP/1.1" 304 0
INFO 2025-09-04 21:34:42,937 basehttp "GET /static/admin/js/theme.js HTTP/1.1" 304 0
INFO 2025-09-04 21:34:42,946 basehttp "GET /static/admin/js/jquery.init.js HTTP/1.1" 304 0
INFO 2025-09-04 21:34:42,946 basehttp "GET /static/admin/css/changelists.css HTTP/1.1" 304 0
INFO 2025-09-04 21:34:42,947 basehttp "GET /static/admin/css/nav_sidebar.css HTTP/1.1" 304 0
INFO 2025-09-04 21:34:42,950 basehttp "GET /static/admin/js/core.js HTTP/1.1" 304 0
INFO 2025-09-04 21:34:42,950 basehttp "GET /static/admin/css/responsive.css HTTP/1.1" 200 16565
INFO 2025-09-04 21:34:42,951 basehttp "GET /static/admin/js/admin/RelatedObjectLookups.js HTTP/1.1" 304 0
INFO 2025-09-04 21:34:42,951 basehttp "GET /admin/jsi18n/ HTTP/1.1" 200 3342
INFO 2025-09-04 21:34:42,953 basehttp "GET /static/admin/js/actions.js HTTP/1.1" 304 0
INFO 2025-09-04 21:34:42,979 basehttp "GET /static/admin/js/urlify.js HTTP/1.1" 304 0
INFO 2025-09-04 21:34:42,988 basehttp "GET /static/admin/js/prepopulate.js HTTP/1.1" 304 0
INFO 2025-09-04 21:34:42,993 basehttp "GET /static/admin/js/vendor/xregexp/xregexp.js HTTP/1.1" 304 0
INFO 2025-09-04 21:34:42,994 basehttp "GET /static/admin/js/nav_sidebar.js HTTP/1.1" 304 0
INFO 2025-09-04 21:34:42,994 basehttp "GET /static/admin/js/filters.js HTTP/1.1" 304 0
INFO 2025-09-04 21:34:43,065 basehttp "GET /static/admin/img/icon-addlink.svg HTTP/1.1" 200 331
WARNING 2025-09-04 21:34:43,073 log Not Found: /favicon.ico
INFO 2025-09-04 21:34:43,087 basehttp "GET /static/admin/img/tooltag-add.svg HTTP/1.1" 200 331
INFO 2025-09-04 21:34:44,119 basehttp "GET /admin/projectcanvas/user/9/change/ HTTP/1.1" 200 24056
INFO 2025-09-04 21:34:44,173 basehttp "GET /admin/jsi18n/ HTTP/1.1" 200 3342
INFO 2025-09-04 21:34:46,282 basehttp "GET /admin/projectcanvas/user/9/delete/ HTTP/1.1" 200 7953
INFO 2025-09-04 21:34:46,331 basehttp "GET /static/admin/js/cancel.js HTTP/1.1" 304 0
WARNING 2025-09-04 21:34:46,418 log Not Found: /favicon.ico
INFO 2025-09-04 21:34:47,776 basehttp "POST /admin/projectcanvas/user/9/delete/ HTTP/1.1" 302 0
INFO 2025-09-04 21:34:47,795 basehttp "GET /admin/projectcanvas/user/ HTTP/1.1" 200 9417
INFO 2025-09-04 21:34:47,896 basehttp "GET /admin/jsi18n/ HTTP/1.1" 200 3342
INFO 2025-09-04 21:34:47,979 basehttp "GET /static/admin/img/icon-yes.svg HTTP/1.1" 200 436
INFO 2025-09-04 21:34:55,680 basehttp "POST /api/signup/ HTTP/1.1" 200 140
INFO 2025-09-04 21:35:26,287 basehttp "GET /api/verify-email/0ba27877-da24-4038-8eae-2ab8c408d940/ HTTP/1.1" 200 81
WARNING 2025-09-04 21:35:26,299 log Bad Request: /api/verify-email/0ba27877-da24-4038-8eae-2ab8c408d940/
WARNING 2025-09-04 21:35:26,300 basehttp "GET /api/verify-email/0ba27877-da24-4038-8eae-2ab8c408d940/ HTTP/1.1" 400 50
INFO 2025-09-04 21:37:33,918 basehttp "GET /admin/projectcanvas/user/ HTTP/1.1" 200 9556
INFO 2025-09-04 21:37:33,960 basehttp "GET /admin/jsi18n/ HTTP/1.1" 200 3342
WARNING 2025-09-04 21:37:34,050 log Not Found: /favicon.ico
INFO 2025-09-04 21:37:35,862 basehttp "GET /admin/projectcanvas/user/10/change/ HTTP/1.1" 200 24058
INFO 2025-09-04 21:37:35,925 basehttp "GET /admin/jsi18n/ HTTP/1.1" 200 3342
INFO 2025-09-04 21:37:38,412 basehttp "GET /admin/projectcanvas/user/10/delete/ HTTP/1.1" 200 7955
INFO 2025-09-04 21:37:39,717 basehttp "POST /admin/projectcanvas/user/10/delete/ HTTP/1.1" 302 0
INFO 2025-09-04 21:37:39,735 basehttp "GET /admin/projectcanvas/user/ HTTP/1.1" 200 9417
INFO 2025-09-04 21:37:39,822 basehttp "GET /admin/jsi18n/ HTTP/1.1" 200 3342
WARNING 2025-09-04 21:37:39,906 log Not Found: /favicon.ico
INFO 2025-09-04 21:37:42,654 basehttp "GET /admin/projectcanvas/user/ HTTP/1.1" 200 9241
INFO 2025-09-04 21:37:42,692 basehttp "GET /admin/jsi18n/ HTTP/1.1" 200 3342
INFO 2025-09-04 21:38:18,186 basehttp "POST /api/signup/ HTTP/1.1" 200 140
INFO 2025-09-04 21:38:35,958 basehttp "GET /api/verify-email/6a9edbdc-ef74-4179-88d9-7a5d3459d187/ HTTP/1.1" 200 81
WARNING 2025-09-04 21:38:35,966 log Bad Request: /api/verify-email/6a9edbdc-ef74-4179-88d9-7a5d3459d187/
WARNING 2025-09-04 21:38:35,966 basehttp "GET /api/verify-email/6a9edbdc-ef74-4179-88d9-7a5d3459d187/ HTTP/1.1" 400 50
INFO 2025-09-04 21:39:25,859 autoreload /home/tuhin/ProjectCanvas/backend/projectcanvas/views.py changed, reloading.
INFO 2025-09-04 21:39:26,199 autoreload Watching for file changes with StatReloader
INFO 2025-09-04 21:39:29,360 autoreload /home/tuhin/ProjectCanvas/backend/projectcanvas/models.py changed, reloading.
INFO 2025-09-04 21:39:29,670 autoreload Watching for file changes with StatReloader
INFO 2025-09-04 21:39:40,372 basehttp "OPTIONS /api/login/ HTTP/1.1" 200 0
INFO 2025-09-04 21:39:40,795 basehttp "POST /api/login/ HTTP/1.1" 200 153
INFO 2025-09-04 21:39:57,753 basehttp "POST /api/login/ HTTP/1.1" 200 153
INFO 2025-09-04 21:40:33,377 basehttp "GET /admin/projectcanvas/user/ HTTP/1.1" 200 9556
INFO 2025-09-04 21:40:33,432 basehttp "GET /admin/jsi18n/ HTTP/1.1" 200 3342
WARNING 2025-09-04 21:40:33,529 log Not Found: /favicon.ico
INFO 2025-09-04 21:40:35,719 basehttp "GET /admin/projectcanvas/user/11/change/ HTTP/1.1" 200 24094
INFO 2025-09-04 21:40:35,779 basehttp "GET /admin/jsi18n/ HTTP/1.1" 200 3342
WARNING 2025-09-04 21:40:35,899 log Not Found: /favicon.ico
INFO 2025-09-04 21:40:39,100 basehttp "GET /admin/projectcanvas/user/11/delete/ HTTP/1.1" 200 7955
INFO 2025-09-04 21:40:41,552 basehttp "POST /admin/projectcanvas/user/11/delete/ HTTP/1.1" 302 0
INFO 2025-09-04 21:40:41,571 basehttp "GET /admin/projectcanvas/user/ HTTP/1.1" 200 9417
INFO 2025-09-04 21:40:41,658 basehttp "GET /admin/jsi18n/ HTTP/1.1" 200 3342
WARNING 2025-09-04 21:40:41,743 log Not Found: /favicon.ico
INFO 2025-09-04 21:41:45,685 basehttp "POST /api/signup/ HTTP/1.1" 200 140
INFO 2025-09-04 21:42:02,570 basehttp "GET /api/verify-email/e059eba7-b0f8-4004-8945-38754f9dc77f/ HTTP/1.1" 200 81
WARNING 2025-09-04 21:42:02,582 log Bad Request: /api/verify-email/e059eba7-b0f8-4004-8945-38754f9dc77f/
WARNING 2025-09-04 21:42:02,583 basehttp "GET /api/verify-email/e059eba7-b0f8-4004-8945-38754f9dc77f/ HTTP/1.1" 400 50
INFO 2025-09-04 21:43:26,558 basehttp "POST /api/login/ HTTP/1.1" 200 153
WARNING 2025-09-04 21:44:03,452 log Bad Request: /api/signup/
WARNING 2025-09-04 21:44:03,452 basehttp "POST /api/signup/ HTTP/1.1" 400 33
INFO 2025-09-04 21:44:25,913 basehttp "POST /api/signup/ HTTP/1.1" 200 134
INFO 2025-09-04 21:44:34,101 basehttp "GET /api/verify-email/82da4fb9-4bcf-43f5-8bd1-6585177c2f63/ HTTP/1.1" 200 81
WARNING 2025-09-04 21:44:34,116 log Bad Request: /api/verify-email/82da4fb9-4bcf-43f5-8bd1-6585177c2f63/
WARNING 2025-09-04 21:44:34,117 basehttp "GET /api/verify-email/82da4fb9-4bcf-43f5-8bd1-6585177c2f63/ HTTP/1.1" 400 50
INFO 2025-09-04 21:45:04,419 basehttp "POST /api/login/ HTTP/1.1" 200 153
INFO 2025-09-04 21:50:33,955 autoreload /home/tuhin/ProjectCanvas/backend/projectcanvas/views.py changed, reloading.
INFO 2025-09-04 21:50:34,319 autoreload Watching for file changes with StatReloader
INFO 2025-09-04 21:51:50,635 basehttp "GET /admin/projectcanvas/user/ HTTP/1.1" 200 9854
INFO 2025-09-04 21:51:50,699 basehttp "GET /admin/jsi18n/ HTTP/1.1" 200 3342
WARNING 2025-09-04 21:51:50,787 log Not Found: /favicon.ico
INFO 2025-09-04 21:51:52,559 basehttp "GET /admin/projectcanvas/user/13/change/ HTTP/1.1" 200 24028
INFO 2025-09-04 21:51:52,619 basehttp "GET /static/admin/css/forms.css HTTP/1.1" 304 0
INFO 2025-09-04 21:51:52,621 basehttp "GET /static/admin/js/calendar.js HTTP/1.1" 304 0
INFO 2025-09-04 21:51:52,621 basehttp "GET /admin/jsi18n/ HTTP/1.1" 200 3342
INFO 2025-09-04 21:51:52,623 basehttp "GET /static/admin/js/change_form.js HTTP/1.1" 200 606
INFO 2025-09-04 21:51:52,624 basehttp "GET /static/admin/js/admin/DateTimeShortcuts.js HTTP/1.1" 304 0
INFO 2025-09-04 21:51:52,624 basehttp "GET /static/admin/js/prepopulate_init.js HTTP/1.1" 200 586
INFO 2025-09-04 21:51:52,658 basehttp "GET /static/admin/css/widgets.css HTTP/1.1" 304 0
INFO 2025-09-04 21:51:52,825 basehttp "GET /static/admin/img/icon-calendar.svg HTTP/1.1" 200 1086
INFO 2025-09-04 21:51:52,827 basehttp "GET /static/admin/img/icon-clock.svg HTTP/1.1" 200 677
INFO 2025-09-04 21:51:55,247 basehttp "GET /admin/projectcanvas/user/13/delete/ HTTP/1.1" 200 7931
INFO 2025-09-04 21:51:56,797 basehttp "POST /admin/projectcanvas/user/13/delete/ HTTP/1.1" 302 0
INFO 2025-09-04 21:51:56,810 basehttp "GET /admin/projectcanvas/user/ HTTP/1.1" 200 9724
INFO 2025-09-04 21:51:56,896 basehttp "GET /admin/jsi18n/ HTTP/1.1" 200 3342
WARNING 2025-09-04 21:51:56,990 log Not Found: /favicon.ico
INFO 2025-09-04 21:52:00,117 basehttp "GET /admin/projectcanvas/user/12/change/ HTTP/1.1" 200 24094
INFO 2025-09-04 21:52:00,164 basehttp "GET /admin/jsi18n/ HTTP/1.1" 200 3342
INFO 2025-09-04 21:52:02,501 basehttp "GET /admin/projectcanvas/user/12/delete/ HTTP/1.1" 200 7955
WARNING 2025-09-04 21:52:02,623 log Not Found: /favicon.ico
INFO 2025-09-04 21:52:03,976 basehttp "POST /admin/projectcanvas/user/12/delete/ HTTP/1.1" 302 0
INFO 2025-09-04 21:52:03,991 basehttp "GET /admin/projectcanvas/user/ HTTP/1.1" 200 9417
INFO 2025-09-04 21:52:04,075 basehttp "GET /admin/jsi18n/ HTTP/1.1" 200 3342
INFO 2025-09-04 21:52:06,202 basehttp "GET /admin/projectcanvas/user/ HTTP/1.1" 200 9241
INFO 2025-09-04 21:52:06,236 basehttp "GET /admin/jsi18n/ HTTP/1.1" 200 3342
INFO 2025-09-04 21:52:40,233 basehttp "POST /api/signup/ HTTP/1.1" 200 140
INFO 2025-09-04 21:53:07,587 basehttp "GET /api/verify-email/0b4715ef-4f1a-4040-b69e-564c549a5c01/ HTTP/1.1" 200 81
INFO 2025-09-04 21:53:13,119 basehttp "POST /api/login/ HTTP/1.1" 200 153
INFO 2025-09-04 21:57:24,635 basehttp "POST /api/login/ HTTP/1.1" 200 153
INFO 2025-09-04 21:59:59,461 basehttp "GET /static/admin/img/tooltag-add.svg HTTP/1.1" 200 331
WARNING 2025-09-04 22:18:24,729 log Unauthorized: /api/login/
WARNING 2025-09-04 22:18:24,730 basehttp "POST /api/login/ HTTP/1.1" 401 38
INFO 2025-09-04 22:18:44,184 basehttp "GET /admin/projectcanvas/user/ HTTP/1.1" 200 9556
INFO 2025-09-04 22:18:44,220 basehttp "GET /admin/jsi18n/ HTTP/1.1" 200 3342
WARNING 2025-09-04 22:18:44,307 log Not Found: /favicon.ico
INFO 2025-09-04 22:18:46,362 basehttp "GET /admin/projectcanvas/user/14/change/ HTTP/1.1" 200 24094
INFO 2025-09-04 22:18:46,413 basehttp "GET /admin/jsi18n/ HTTP/1.1" 200 3342
WARNING 2025-09-04 22:18:46,512 log Not Found: /favicon.ico
INFO 2025-09-04 22:18:48,530 basehttp "GET /admin/projectcanvas/user/14/delete/ HTTP/1.1" 200 7955
INFO 2025-09-04 22:18:51,115 basehttp "POST /admin/projectcanvas/user/14/delete/ HTTP/1.1" 302 0
INFO 2025-09-04 22:18:51,131 basehttp "GET /admin/projectcanvas/user/ HTTP/1.1" 200 9417
INFO 2025-09-04 22:18:51,218 basehttp "GET /admin/jsi18n/ HTTP/1.1" 200 3342
WARNING 2025-09-04 22:18:51,324 log Not Found: /favicon.ico
INFO 2025-09-04 22:19:42,442 basehttp "POST /api/signup/ HTTP/1.1" 200 134
INFO 2025-09-04 22:19:51,686 basehttp "OPTIONS /api/resend-verification/ HTTP/1.1" 200 0
INFO 2025-09-04 22:19:55,958 basehttp "POST /api/resend-verification/ HTTP/1.1" 200 51
INFO 2025-09-04 22:20:20,689 basehttp "GET /api/verify-email/5a6c416f-2297-42ae-ad87-141a109301cc/ HTTP/1.1" 200 81
INFO 2025-09-04 22:20:35,122 basehttp "POST /api/login/ HTTP/1.1" 200 147
WARNING 2025-09-04 22:21:13,244 log Unauthorized: /api/login/
WARNING 2025-09-04 22:21:13,245 basehttp "POST /api/login/ HTTP/1.1" 401 38
INFO 2025-09-04 22:31:04,761 autoreload /home/tuhin/ProjectCanvas/backend/projectcanvas/views.py changed, reloading.
INFO 2025-09-04 22:31:05,143 autoreload Watching for file changes with StatReloader
INFO 2025-09-04 22:35:39,497 autoreload Watching for file changes with StatReloader
WARNING 2025-09-04 22:37:54,792 log Unauthorized: /api/login/
WARNING 2025-09-04 22:37:54,793 basehttp "POST /api/login/ HTTP/1.1" 401 38
INFO 2025-09-04 22:38:13,679 basehttp "OPTIONS /api/forgot-password/ HTTP/1.1" 200 0
INFO 2025-09-04 22:38:18,708 basehttp "POST /api/forgot-password/ HTTP/1.1" 200 71
INFO 2025-09-04 22:39:30,458 basehttp "OPTIONS /api/reset-password/8210af3a-a7e6-49a2-b5e6-d88731b9c1ed/ HTTP/1.1" 200 0
INFO 2025-09-04 22:39:30,888 basehttp "POST /api/reset-password/8210af3a-a7e6-49a2-b5e6-d88731b9c1ed/ HTTP/1.1" 200 41
WARNING 2025-09-04 22:39:48,904 log Unauthorized: /api/login/
WARNING 2025-09-04 22:39:48,904 basehttp "POST /api/login/ HTTP/1.1" 401 38
INFO 2025-09-04 22:40:01,056 basehttp "POST /api/login/ HTTP/1.1" 200 147
WARNING 2025-09-04 22:42:07,858 log Unauthorized: /api/login/
WARNING 2025-09-04 22:42:07,858 basehttp "POST /api/login/ HTTP/1.1" 401 38
WARNING 2025-09-04 22:42:11,703 log Unauthorized: /api/login/
WARNING 2025-09-04 22:42:11,703 basehttp "POST /api/login/ HTTP/1.1" 401 38
INFO 2025-09-04 22:42:32,662 basehttp "POST /api/forgot-password/ HTTP/1.1" 200 71
INFO 2025-09-04 22:43:15,283 basehttp "OPTIONS /api/reset-password/4c2fa21a-3bc1-413a-8035-5b14fca5c8dc/ HTTP/1.1" 200 0
INFO 2025-09-04 22:43:15,645 basehttp "POST /api/reset-password/4c2fa21a-3bc1-413a-8035-5b14fca5c8dc/ HTTP/1.1" 200 41
WARNING 2025-09-04 22:43:30,657 log Unauthorized: /api/login/
WARNING 2025-09-04 22:43:30,657 basehttp "POST /api/login/ HTTP/1.1" 401 38
INFO 2025-09-04 22:43:36,741 basehttp "POST /api/login/ HTTP/1.1" 200 147
INFO 2025-09-04 22:49:35,592 basehttp "GET /admin/projectcanvas/user/ HTTP/1.1" 200 9540
INFO 2025-09-04 22:49:35,632 basehttp "GET /static/admin/css/base.css HTTP/1.1" 304 0
INFO 2025-09-04 22:49:35,634 basehttp "GET /static/admin/css/dark_mode.css HTTP/1.1" 304 0
INFO 2025-09-04 22:49:35,636 basehttp "GET /static/admin/js/theme.js HTTP/1.1" 304 0
INFO 2025-09-04 22:49:35,637 basehttp "GET /static/admin/js/vendor/jquery/jquery.js HTTP/1.1" 304 0
INFO 2025-09-04 22:49:35,638 basehttp "GET /static/admin/css/nav_sidebar.css HTTP/1.1" 304 0
INFO 2025-09-04 22:49:35,640 basehttp "GET /static/admin/js/jquery.init.js HTTP/1.1" 304 0
INFO 2025-09-04 22:49:35,641 basehttp "GET /static/admin/css/changelists.css HTTP/1.1" 304 0
INFO 2025-09-04 22:49:35,642 basehttp "GET /static/admin/js/core.js HTTP/1.1" 304 0
INFO 2025-09-04 22:49:35,646 basehttp "GET /static/admin/js/filters.js HTTP/1.1" 200 978
INFO 2025-09-04 22:49:35,648 basehttp "GET /admin/jsi18n/ HTTP/1.1" 200 3342
INFO 2025-09-04 22:49:35,648 basehttp "GET /static/admin/js/admin/RelatedObjectLookups.js HTTP/1.1" 304 0
INFO 2025-09-04 22:49:35,674 basehttp "GET /static/admin/js/actions.js HTTP/1.1" 304 0
INFO 2025-09-04 22:49:35,678 basehttp "GET /static/admin/css/responsive.css HTTP/1.1" 200 16565
INFO 2025-09-04 22:49:35,682 basehttp "GET /static/admin/js/urlify.js HTTP/1.1" 304 0
INFO 2025-09-04 22:49:35,683 basehttp "GET /static/admin/js/prepopulate.js HTTP/1.1" 304 0
INFO 2025-09-04 22:49:35,688 basehttp "GET /static/admin/js/vendor/xregexp/xregexp.js HTTP/1.1" 304 0
INFO 2025-09-04 22:49:35,690 basehttp "GET /static/admin/js/nav_sidebar.js HTTP/1.1" 304 0
INFO 2025-09-04 22:49:35,759 basehttp "GET /static/admin/img/icon-addlink.svg HTTP/1.1" 200 331
INFO 2025-09-04 22:49:35,805 basehttp "GET /static/admin/img/tooltag-add.svg HTTP/1.1" 200 331
WARNING 2025-09-04 22:49:35,855 log Not Found: /favicon.ico
INFO 2025-09-04 22:49:39,397 basehttp "GET /admin/projectcanvas/user/15/change/ HTTP/1.1" 200 25520
INFO 2025-09-04 22:49:39,449 basehttp "GET /admin/jsi18n/ HTTP/1.1" 200 3342
WARNING 2025-09-04 22:49:39,549 log Not Found: /favicon.ico
INFO 2025-09-04 22:49:42,660 basehttp "GET /admin/projectcanvas/user/15/delete/ HTTP/1.1" 200 7931
INFO 2025-09-04 22:49:42,709 basehttp "GET /static/admin/js/cancel.js HTTP/1.1" 200 884
INFO 2025-09-04 22:49:44,962 basehttp "POST /admin/projectcanvas/user/15/delete/ HTTP/1.1" 302 0
INFO 2025-09-04 22:49:44,976 basehttp "GET /admin/projectcanvas/user/ HTTP/1.1" 200 9409
INFO 2025-09-04 22:49:45,058 basehttp "GET /admin/jsi18n/ HTTP/1.1" 200 3342
INFO 2025-09-04 22:49:45,141 basehttp "GET /static/admin/img/icon-yes.svg HTTP/1.1" 200 436
INFO 2025-09-05 09:49:37,127 autoreload Watching for file changes with StatReloader
INFO 2025-09-05 09:49:39,856 basehttp "GET /admin/projectcanvas/user/ HTTP/1.1" 200 9241
INFO 2025-09-05 09:49:39,995 basehttp "GET /static/admin/js/filters.js HTTP/1.1" 200 978
WARNING 2025-09-05 09:49:40,334 log Not Found: /favicon.ico
INFO 2025-09-05 09:49:40,334 basehttp "GET /static/admin/img/icon-addlink.svg HTTP/1.1" 200 331
INFO 2025-09-05 09:49:40,380 basehttp "GET /static/admin/img/tooltag-add.svg HTTP/1.1" 200 331
INFO 2025-09-05 09:49:42,214 basehttp "GET /admin/projectcanvas/user/ HTTP/1.1" 200 9241
INFO 2025-09-05 09:49:42,297 basehttp "GET /static/admin/js/theme.js HTTP/1.1" 304 0
INFO 2025-09-05 09:49:42,301 basehttp "GET /static/admin/js/nav_sidebar.js HTTP/1.1" 304 0
INFO 2025-09-05 09:49:42,302 basehttp "GET /static/admin/js/vendor/jquery/jquery.js HTTP/1.1" 304 0
INFO 2025-09-05 09:49:42,308 basehttp "GET /static/admin/js/actions.js HTTP/1.1" 304 0
INFO 2025-09-05 09:49:42,308 basehttp "GET /static/admin/js/jquery.init.js HTTP/1.1" 304 0
INFO 2025-09-05 09:49:42,311 basehttp "GET /static/admin/js/urlify.js HTTP/1.1" 304 0
INFO 2025-09-05 09:49:42,312 basehttp "GET /static/admin/js/core.js HTTP/1.1" 304 0
INFO 2025-09-05 09:49:42,313 basehttp "GET /static/admin/js/admin/RelatedObjectLookups.js HTTP/1.1" 304 0
INFO 2025-09-05 09:49:42,315 basehttp "GET /static/admin/js/prepopulate.js HTTP/1.1" 304 0
INFO 2025-09-05 09:49:42,316 basehttp "GET /static/admin/js/vendor/xregexp/xregexp.js HTTP/1.1" 304 0
INFO 2025-09-05 09:49:42,317 basehttp "GET /static/admin/js/filters.js HTTP/1.1" 304 0
INFO 2025-09-05 09:49:42,319 basehttp "GET /admin/jsi18n/ HTTP/1.1" 200 3342
INFO 2025-09-05 09:49:42,349 basehttp "GET /static/admin/css/base.css HTTP/1.1" 200 22120
INFO 2025-09-05 09:49:42,352 basehttp "GET /static/admin/css/dark_mode.css HTTP/1.1" 200 2808
INFO 2025-09-05 09:49:42,356 basehttp "GET /static/admin/css/nav_sidebar.css HTTP/1.1" 304 0
INFO 2025-09-05 09:49:42,357 basehttp "GET /static/admin/css/changelists.css HTTP/1.1" 304 0
INFO 2025-09-05 09:49:42,359 basehttp "GET /static/admin/css/responsive.css HTTP/1.1" 304 0
WARNING 2025-09-05 09:49:42,535 log Not Found: /favicon.ico
INFO 2025-09-05 09:50:14,723 basehttp "OPTIONS /api/signup/ HTTP/1.1" 200 0
INFO 2025-09-05 09:50:21,212 basehttp "POST /api/signup/ HTTP/1.1" 200 132
INFO 2025-09-05 09:50:56,602 basehttp "GET /api/verify-email/2e7a68cc-ab1b-4dfa-83e9-7c18974ba7fe/ HTTP/1.1" 200 81
INFO 2025-09-05 10:46:44,225 autoreload Watching for file changes with StatReloader
INFO 2025-09-06 09:15:42,688 autoreload Watching for file changes with StatReloader
